shot  ray i.angle  f.angle   dist     depth red.time  npts code
***  shot#   1 ray code  2.2 no rays traced  ***
***  shot#   1 ray code  3.2 no rays traced  ***
***  shot#  -2 ray code  2.2 no rays traced  ***
***  shot#  -2 ray code  3.2 no rays traced  ***
***  shot#   2 ray code  2.2 no rays traced  ***
***  shot#   2 ray code  3.2 no rays traced  ***
***  shot#  -3 ray code  2.2 no rays traced  ***
***  shot#  -3 ray code  3.2 no rays traced  ***
***  shot#   3 ray code  2.2 no rays traced  ***
***  shot#   3 ray code  3.2 no rays traced  ***
***  shot#  -4 ray code  2.2 no rays traced  ***
***  shot#  -4 ray code  3.2 no rays traced  ***
***  shot#   4 ray code  2.2 no rays traced  ***
***  shot#   4 ray code  3.2 no rays traced  ***
***  shot#  -5 ray code  2.2 no rays traced  ***
***  shot#  -5 ray code  3.2 no rays traced  ***
***  shot#   5 ray code  2.2 no rays traced  ***
***  shot#   5 ray code  3.2 no rays traced  ***
***  shot#  -6 ray code  2.2 no rays traced  ***
***  shot#  -6 ray code  3.2 no rays traced  ***
***  shot#   6 ray code  2.2 no rays traced  ***
***  shot#   6 ray code  3.2 no rays traced  ***
***  shot#  -7 ray code  2.2 no rays traced  ***
***  shot#  -7 ray code  3.2 no rays traced  ***
***  shot#   7 ray code  2.2 no rays traced  ***
***  shot#   7 ray code  3.2 no rays traced  ***
***  shot#  -8 ray code  2.2 no rays traced  ***
***  shot#  -8 ray code  3.2 no rays traced  ***
***  shot#   8 ray code  2.2 no rays traced  ***
***  shot#   8 ray code  3.2 no rays traced  ***
***  shot#  -9 ray code  2.2 no rays traced  ***
***  shot#  -9 ray code  3.2 no rays traced  ***
***  shot#   9 ray code  2.2 no rays traced  ***
***  shot#   9 ray code  3.2 no rays traced  ***
***  shot# -10 ray code  2.2 no rays traced  ***
***  shot# -10 ray code  3.2 no rays traced  ***
***  shot#  10 ray code  2.2 no rays traced  ***
***  shot#  10 ray code  3.2 no rays traced  ***
***  shot# -11 ray code  2.2 no rays traced  ***
***  shot# -11 ray code  3.2 no rays traced  ***

***  less than nray rays traced for   40 ray groups  ***

|----------------------------------------------------------------|
|                                                                |
| total of   1000 rays consisting of   500000 points were traced |
|                                                                |
|           model consists of  4 layers and  40 blocks           |
|                                                                |
|----------------------------------------------------------------|

