 
    0   22

    1        1.80000        0.10000
    1        1.80000        0.10000
    1        1.80000        0.10000
    1        1.80000        0.10000
    1        1.80000        0.10000
    1        1.80000        0.10000
    1        1.80000        0.10000
    1        1.80000        0.10000
    1        1.80000        0.10000
    1        1.80000        0.10000
    1        1.80000        0.10000
    1        2.20000        0.10000
    1        2.20000        0.10000
    1        2.20000        0.10000
    1        2.20000        0.10000
    1        2.20000        0.10000
    1        2.20000        0.10000
    1        2.20000        0.10000
    1        2.20000        0.10000
    1        2.20000        0.10000
    1        2.20000        0.10000
    1        2.20000        0.10000
 
 
 
