shot  ray i.angle  f.angle   dist     depth red.time  npts code
   1   1   84.641   86.248    0.099    0.27   1.212     7   2.2
   1   2   83.847   86.801    0.150    0.28   1.204     7   2.2
   1   3   83.099   87.339    0.200    0.29   1.197     7   2.2
   1   4   82.467   87.793    0.250    0.30   1.190     7   2.2
   1   5   81.835   88.284    0.300    0.31   1.183     7   2.2
   1   6   81.220   88.795    0.350    0.32   1.177     7   2.2
   1   7   80.554   89.381    0.400    0.33   1.170     7   2.2
   1   8   79.879  -89.983    0.450    0.34   1.165     7   2.2
   1   9   79.276  -89.378    0.500    0.35   1.159     7   2.2
   1  10   78.660  -88.726    0.550    0.36   1.154     7   2.2
   1  11   78.042  -88.037    0.600    0.37   1.149     7   2.2
   1  12   77.430  -87.316    0.650    0.38   1.145     7   2.2
   1  13   76.824  -86.561    0.700    0.39   1.140     7   2.2
   1  14   76.224  -85.767    0.750    0.40   1.136     7   2.2
   1  15   75.630  -84.939    0.800    0.41   1.133     7   2.2
   1  16   75.041  -84.078    0.850    0.42   1.130     7   2.2
   1  17   74.461  -83.187    0.900    0.43   1.126     7   2.2
   1  18   73.886  -82.272    0.950    0.44   1.124     7   2.2
   1  19   73.317  -81.339    1.000    0.45   1.121     7   2.2
   1  20   72.760  -79.712    1.050    0.45   1.124     8   2.2
   1  21   72.201  -78.709    1.100    0.45   1.129     8   2.2
   1  22   71.667  -77.764    1.150    0.46   1.134     8   2.2
   1  23   71.153  -76.874    1.200    0.46   1.139     8   2.2
   1  24   70.646  -76.036    1.250    0.46   1.144     7   2.2
   1  25   70.119  -75.222    1.300    0.46   1.150     7   2.2
   1  26   69.612  -74.473    1.350    0.47   1.156     8   2.2
   1  27   69.114  -73.777    1.400    0.47   1.162     8   2.2
   1  28   68.627  -73.139    1.450    0.47   1.168     8   2.2
   1  29   68.152  -72.558    1.500    0.47   1.175     8   2.2
   1  30   67.686  -72.034    1.550    0.48   1.182     8   2.2
   1  31   67.229  -71.562    1.600    0.48   1.189     8   2.2
   1  32   66.780  -71.141    1.650    0.48   1.196     8   2.2
   1  33   66.339  -70.771    1.700    0.48   1.204     8   2.2
   1  34   65.907  -70.454    1.750    0.49   1.212     8   2.2
   1  35   65.478  -70.188    1.800    0.49   1.220     8   2.2
   1  36   65.047  -69.962    1.850    0.49   1.228     8   2.2
   1  37   64.625  -69.786    1.900    0.49   1.236     8   2.2
   1  38   64.211  -69.658    1.950    0.50   1.245     8   2.2
   1  39   63.807  -69.573    2.000    0.50   1.254     8   2.2
   1  40   63.416  -70.373    2.050    0.50   1.265     9   2.2
   1  41   63.046  -70.556    2.100    0.50   1.275     9   2.2
   1  42   62.714  -70.199    2.150    0.49   1.284     9   2.2
   1  43   62.397  -69.850    2.200    0.49   1.294     9   2.2
   1  44   62.092  -69.495    2.250    0.49   1.304     9   2.2
   1  45   61.799  -69.127    2.300    0.49   1.314     9   2.2
   1  46   61.519  -68.741    2.350    0.48   1.324     9   2.2
   1  47   61.245  -68.330    2.400    0.48   1.335     9   2.2
   1  48   60.983  -67.896    2.450    0.48   1.346     9   2.2
   1  49   60.729  -67.438    2.500    0.48   1.356     9   2.2
   1  50   60.494  -66.960    2.550    0.47   1.368     8   2.2
   1  51   60.235  -66.436    2.600    0.47   1.379     8   2.2
   1  52   60.010  -65.915    2.650    0.47   1.390     8   2.2
   1  53   59.788  -65.375    2.700    0.47   1.402     8   2.2
   1  54   59.570  -64.818    2.750    0.46   1.414     8   2.2
   1  55   59.364  -64.250    2.800    0.46   1.426     9   2.2
   1  56   59.164  -63.669    2.850    0.46   1.438     9   2.2
   1  57   58.970  -63.078    2.900    0.46   1.450     9   2.2
   1  58   58.780  -62.476    2.950    0.45   1.463     9   2.2
   1  59   58.596  -61.870    3.000    0.45   1.475     9   2.2
   1   1   84.632   85.183    0.050    0.26   1.419    10   3.2
   1   2   84.357   85.328    0.075    0.27   1.414    10   3.2
   1   3   83.926   85.402    0.151    0.28   1.402    10   3.2
   1   4   83.314   85.823    0.200    0.29   1.394    10   3.2
   1   5   82.795   86.180    0.250    0.30   1.386    10   3.2
   1   6   82.250   86.600    0.300    0.31   1.379    10   3.2
   1   7   81.763   87.000    0.350    0.32   1.371    10   3.2
   1   8   81.328   87.386    0.400    0.33   1.364    10   3.2
   1   9   80.878   87.823    0.450    0.34   1.358    10   3.2
   1  10   80.433   88.290    0.500    0.35   1.351    10   3.2
   1  11   80.006   88.772    0.550    0.36   1.345    10   3.2
   1  12   79.553   89.319    0.600    0.37   1.339    10   3.2
   1  13   79.089   89.924    0.650    0.38   1.333    10   3.2
   1  14   78.637  -89.444    0.700    0.39   1.327    10   3.2
   1  15   78.228  -88.830    0.750    0.40   1.322    10   3.2
   1  16   77.796  -88.148    0.800    0.41   1.317    10   3.2
   1  17   77.367  -87.431    0.850    0.42   1.312    10   3.2
   1  18   76.941  -86.683    0.900    0.43   1.307    10   3.2
   1  19   76.518  -85.911    0.950    0.44   1.303    10   3.2
   1  20   76.097  -85.125    1.000    0.45   1.299    10   3.2
   1  21   75.679  -83.520    1.050    0.45   1.301    11   3.2
   1  22   75.287  -82.593    1.100    0.45   1.303    11   3.2
   1  23   74.909  -81.733    1.150    0.46   1.306    10   3.2
   1  24   74.515  -80.911    1.200    0.46   1.310    11   3.2
   1  25   74.137  -80.155    1.250    0.46   1.313    11   3.2
   1  26   73.773  -79.461    1.300    0.46   1.317    11   3.2
   1  27   73.417  -78.825    1.350    0.47   1.321    11   3.2
   1  28   73.071  -78.247    1.400    0.47   1.325    11   3.2
   1  29   72.722  -77.679    1.450    0.47   1.329    10   3.2
   1  30   72.379  -77.159    1.500    0.47   1.334    10   3.2
   1  31   72.041  -76.690    1.550    0.48   1.339    10   3.2
   1  32   71.708  -76.269    1.600    0.48   1.344    10   3.2
   1  33   71.380  -75.896    1.650    0.48   1.349    10   3.2
   1  34   71.057  -75.576    1.700    0.48   1.354    10   3.2
   1  35   70.739  -75.302    1.750    0.49   1.360    10   3.2
   1  36   70.425  -75.076    1.800    0.49   1.366    10   3.2
   1  37   70.108  -74.889    1.850    0.49   1.372    11   3.2
   1  38   69.796  -74.744    1.900    0.49   1.378    11   3.2
   1  39   69.489  -74.642    1.950    0.50   1.384    11   3.2
   1  40   69.186  -74.572    2.000    0.50   1.391    12   3.2
   1  41   68.884  -75.696    2.050    0.50   1.400    12   3.2
   1  42   68.615  -75.353    2.100    0.50   1.407    12   3.2
   1  43   68.362  -74.934    2.150    0.49   1.415    12   3.2
   1  44   68.121  -74.523    2.200    0.49   1.422    12   3.2
   1  45   67.889  -74.111    2.250    0.49   1.430    12   3.2
   1  46   67.666  -73.689    2.300    0.49   1.438    12   3.2
   1  47   67.450  -73.250    2.350    0.48   1.447    11   3.2
   1  48   67.236  -72.785    2.400    0.48   1.456    11   3.2
   1  49   67.030  -72.301    2.450    0.48   1.464    11   3.2
   1  50   66.829  -71.795    2.500    0.48   1.474    11   3.2
   1  51   66.635  -71.272    2.550    0.47   1.483    12   3.2
   1  52   66.450  -70.739    2.600    0.47   1.492    12   3.2
   1  53   66.286  -70.197    2.650    0.47   1.502    12   3.2
   1  54   66.110  -69.635    2.700    0.47   1.512    12   3.2
   1  55   65.938  -69.058    2.750    0.46   1.522    12   3.2
   1  56   65.771  -68.471    2.800    0.46   1.532    12   3.2
   1  57   65.610  -67.875    2.850    0.46   1.543    12   3.2
   1  58   65.443  -67.271    2.900    0.46   1.554    12   3.2
   1  59   65.282  -66.660    2.950    0.45   1.564    12   3.2
   1  60   65.126  -66.045    3.000    0.45   1.575    12   3.2
  -2   1   81.308  -73.494    0.050    0.26   1.111     8   2.2
  -2   2   81.835  -73.875    0.100    0.27   1.097     8   2.2
  -2   3   82.364  -74.294    0.150    0.28   1.084     8   2.2
  -2   4   82.894  -74.751    0.200    0.29   1.071     8   2.2
  -2   5   83.425  -75.247    0.250    0.30   1.058     8   2.2
  -2   6   83.954  -75.779    0.300    0.31   1.046     8   2.2
  -2   7   84.482  -76.348    0.350    0.32   1.034     8   2.2
  -2   8   85.007  -76.953    0.400    0.33   1.022     8   2.2
  -2   9   85.525  -77.593    0.450    0.34   1.011     8   2.2
  -2  10   86.035  -78.271    0.500    0.35   0.999     8   2.2
  -2  11   86.607  -78.982    0.550    0.36   0.989     8   2.2
  -2  12   87.182  -79.734    0.600    0.37   0.978     8   2.2
  -2  13   87.753  -80.524    0.650    0.38   0.968     8   2.2
  -2  14   88.311  -81.356    0.700    0.39   0.958     8   2.2
  -2  15   88.840  -82.230    0.750    0.40   0.949     8   2.2
  -2  16   89.293  -83.143    0.799    0.41   0.940     8   2.2
  -2  17   89.641  -84.159    0.851    0.42   0.931     8   2.2
  -2   1   84.806  -76.177    0.050    0.26   1.289    11   3.2
  -2   2   85.178  -76.399    0.100    0.27   1.276    11   3.2
  -2   3   85.546  -76.657    0.150    0.28   1.264    11   3.2
  -2   4   85.908  -76.953    0.200    0.29   1.252    11   3.2
  -2   5   86.295  -77.287    0.250    0.30   1.240    11   3.2
  -2   6   86.701  -77.657    0.300    0.31   1.229    11   3.2
  -2   7   87.106  -78.062    0.350    0.32   1.218    11   3.2
   2   1   90.016   85.228    0.898    0.43   0.923     8   2.2
   2   2   89.633   86.557    0.949    0.44   0.915     8   2.2
   2   3   89.258   88.768    1.002    0.45   0.908     7   2.2
   2   4   88.624   89.742    1.052    0.45   0.907     7   2.2
   2   5   87.807  -89.103    1.099    0.45   0.907     7   2.2
   2   6   87.247  -88.236    1.150    0.46   0.907     7   2.2
   2   7   86.632  -87.334    1.200    0.46   0.907     7   2.2
   2   8   85.996  -86.443    1.250    0.46   0.907     7   2.2
   2   9   85.361  -85.590    1.300    0.46   0.908     7   2.2
   2  10   84.727  -84.778    1.350    0.47   0.910     7   2.2
   2  11   84.094  -84.007    1.400    0.47   0.911     7   2.2
   2  12   83.464  -83.275    1.450    0.47   0.913     7   2.2
   2  13   82.837  -82.584    1.500    0.47   0.915     7   2.2
   2  14   82.213  -81.933    1.550    0.48   0.917     7   2.2
   2  15   81.592  -81.325    1.600    0.48   0.920     7   2.2
   2  16   80.976  -80.758    1.650    0.48   0.923     7   2.2
   2  17   80.365  -80.231    1.700    0.48   0.927     7   2.2
   2  18   79.759  -79.747    1.750    0.49   0.930     7   2.2
   2  19   79.158  -79.304    1.800    0.49   0.934     7   2.2
   2  20   78.564  -78.906    1.850    0.49   0.938     7   2.2
   2  21   77.977  -78.548    1.900    0.49   0.943     7   2.2
   2  22   77.397  -78.225    1.950    0.50   0.947     7   2.2
   2  23   76.825  -77.933    2.000    0.50   0.952     7   2.2
   2  24   76.249  -78.812    2.050    0.50   0.960     8   2.2
   2  25   75.748  -78.118    2.100    0.50   0.966     8   2.2
   2  26   75.275  -77.477    2.150    0.49   0.972     8   2.2
   2  27   74.822  -76.865    2.200    0.49   0.979     8   2.2
   2  28   74.388  -76.268    2.250    0.49   0.986     8   2.2
   2  29   73.962  -75.669    2.300    0.49   0.993     7   2.2
   2  30   73.546  -75.060    2.350    0.48   1.001     7   2.2
   2  31   73.145  -74.442    2.400    0.48   1.009     7   2.2
   2  32   72.749  -73.805    2.450    0.48   1.017     8   2.2
   2  33   72.375  -73.171    2.500    0.48   1.026     8   2.2
   2  34   72.012  -72.527    2.550    0.47   1.034     8   2.2
   2  35   71.661  -71.873    2.600    0.47   1.043     8   2.2
   2  36   71.320  -71.208    2.650    0.47   1.053     8   2.2
   2  37   70.990  -70.537    2.700    0.47   1.062     8   2.2
   2  38   70.669  -69.859    2.750    0.46   1.072     8   2.2
   2  39   70.358  -69.175    2.800    0.46   1.082     8   2.2
   2  40   70.055  -68.485    2.850    0.46   1.092     8   2.2
   2  41   69.761  -67.790    2.900    0.46   1.103     8   2.2
   2  42   69.476  -67.092    2.950    0.45   1.113     8   2.2
   2  43   69.199  -66.392    3.000    0.45   1.124     8   2.2
   2  44   68.940  -65.597    3.050    0.44   1.139     9   2.2
   2  45   68.694  -64.839    3.100    0.43   1.154     9   2.2
   2  46   68.453  -64.328    3.150    0.42   1.169     9   2.2
   2  47   68.216  -63.843    3.200    0.41   1.184     9   2.2
   2  48   67.985  -63.366    3.250    0.40   1.200     9   2.2
   2  49   67.757  -62.898    3.300    0.39   1.216     9   2.2
   2  50   67.557  -62.465    3.350    0.38   1.232     9   2.2
   2  51   67.341  -62.022    3.400    0.37   1.247     9   2.2
   2  52   67.128  -61.590    3.450    0.36   1.263     9   2.2
   2  53   66.894  -61.138    3.500    0.35   1.279     9   2.2
   2  54   66.690  -60.732    3.550    0.34   1.296     9   2.2
   2  55   66.491  -60.340    3.600    0.33   1.312     9   2.2
   2  56   66.296  -59.962    3.650    0.32   1.328     9   2.2
   2  57   66.104  -59.598    3.700    0.31   1.345     9   2.2
   2  58   65.917  -59.249    3.750    0.30   1.361     9   2.2
   2  59   65.744  -58.926    3.800    0.29   1.378     9   2.2
   2  60   65.567  -58.596    3.859    0.28   1.397     9   2.2
   2  61   65.421  -58.349    3.900    0.27   1.411     9   2.2
   2  62   65.255  -58.074    3.950    0.26   1.428    10   2.2
   2  63   65.092  -57.816    4.000    0.25   1.445     9   2.2
   2   1   92.491   78.502    0.400    0.33   1.207    11   3.2
   2   2   92.094   78.977    0.450    0.34   1.196    11   3.2
   2   3   91.704   79.486    0.500    0.35   1.186    11   3.2
   2   4   91.329   80.032    0.550    0.36   1.175    11   3.2
   2   5   90.981   80.617    0.600    0.37   1.165    11   3.2
   2   6   90.681   81.245    0.650    0.38   1.156    11   3.2
   2   7   90.448   81.931    0.701    0.39   1.146    10   3.2
   2   8   90.207   82.665    0.750    0.40   1.137    11   3.2
   2   9   89.998   83.470    0.800    0.41   1.128    11   3.2
   2  10   89.840   84.370    0.850    0.42   1.119    11   3.2
   2  11   89.725   85.413    0.900    0.43   1.111    10   3.2
   2  12   89.704   86.821    0.953    0.44   1.102    11   3.2
   2  13   89.506   89.046    1.010    0.45   1.096    10   3.2
   2  14   88.958   89.834    1.045    0.45   1.095    10   3.2
   2  15   88.433  -89.254    1.099    0.45   1.095    10   3.2
   2  16   87.966  -88.444    1.156    0.46   1.095    10   3.2
   2  17   87.572  -87.793    1.200    0.46   1.095    10   3.2
   2  18   87.122  -87.084    1.250    0.46   1.095    10   3.2
   2  19   86.672  -86.413    1.300    0.46   1.096    10   3.2
   2  20   86.221  -85.782    1.350    0.47   1.097    10   3.2
   2  21   85.770  -85.189    1.400    0.47   1.098    10   3.2
   2  22   85.320  -84.635    1.450    0.47   1.099    10   3.2
   2  23   84.871  -84.118    1.500    0.48   1.100    10   3.2
   2  24   84.422  -83.642    1.550    0.48   1.102    10   3.2
   2  25   83.975  -83.205    1.600    0.48   1.104    10   3.2
   2  26   83.529  -82.805    1.650    0.48   1.106    10   3.2
   2  27   83.085  -82.442    1.700    0.48   1.108    10   3.2
   2  28   82.644  -82.117    1.750    0.49   1.111    10   3.2
   2  29   82.203  -81.833    1.800    0.49   1.114    10   3.2
   2  30   81.766  -81.585    1.850    0.49   1.117    10   3.2
   2  31   81.331  -81.371    1.900    0.49   1.120    10   3.2
   2  32   80.899  -81.185    1.950    0.50   1.123    10   3.2
   2  33   80.471  -81.022    2.000    0.50   1.127    10   3.2
   2  34   80.043  -81.848    2.050    0.50   1.132    11   3.2
   2  35   79.675  -81.153    2.100    0.50   1.137    11   3.2
   2  36   79.332  -80.527    2.150    0.49   1.142    11   3.2
   2  37   79.000  -79.936    2.200    0.49   1.147    10   3.2
   2  38   78.672  -79.357    2.250    0.49   1.153    10   3.2
   2  39   78.351  -78.772    2.300    0.49   1.159    11   3.2
   2  40   78.047  -78.199    2.350    0.48   1.165    11   3.2
   2  41   77.753  -77.622    2.400    0.48   1.172    11   3.2
   2  42   77.466  -77.036    2.450    0.48   1.179    11   3.2
   2  43   77.187  -76.440    2.500    0.48   1.186    11   3.2
   2  44   76.916  -75.831    2.550    0.47   1.193    11   3.2
   2  45   76.648  -75.214    2.600    0.47   1.201    10   3.2
   2  46   76.306  -74.735    2.650    0.47   1.209    10   3.2
   2  47   75.969  -74.239    2.700    0.47   1.217    10   3.2
   2  48   75.637  -73.728    2.750    0.46   1.225    10   3.2
   2  49   75.309  -73.203    2.800    0.46   1.233    10   3.2
   2  50   74.987  -72.667    2.850    0.46   1.242    10   3.2
   2  51   74.671  -72.123    2.900    0.46   1.251    10   3.2
   2  52   74.359  -71.572    2.950    0.45   1.259    10   3.2
   2  53   74.053  -71.017    3.000    0.45   1.269    10   3.2
   2  54   73.762  -70.310    3.050    0.44   1.281    11   3.2
   2  55   73.489  -69.774    3.100    0.43   1.295    12   3.2
   2  56   73.218  -69.425    3.150    0.42   1.308    12   3.2
   2  57   72.947  -69.080    3.200    0.41   1.322    12   3.2
   2  58   72.677  -68.740    3.250    0.40   1.335    12   3.2
   2  59   72.409  -68.408    3.300    0.39   1.349    12   3.2
   2  60   72.141  -68.084    3.350    0.38   1.363    12   3.2
   2  61   71.876  -67.770    3.400    0.37   1.377    12   3.2
   2  62   71.611  -67.466    3.450    0.36   1.391    12   3.2
   2  63   71.349  -67.174    3.500    0.35   1.405    12   3.2
   2  64   71.109  -66.909    3.550    0.34   1.419    11   3.2
   2  65   70.870  -66.656    3.600    0.33   1.433    11   3.2
   2  66   70.636  -66.419    3.650    0.32   1.447    12   3.2
   2  67   70.412  -66.206    3.700    0.31   1.461    12   3.2
   2  68   70.175  -65.990    3.750    0.30   1.475    12   3.2
   2  69   69.943  -65.793    3.800    0.29   1.490    12   3.2
   2  70   69.711  -65.610    3.850    0.28   1.504    12   3.2
   2  71   69.482  -65.445    3.900    0.27   1.518    12   3.2
   2  72   69.254  -65.296    3.950    0.26   1.533    12   3.2
   2  73   69.031  -65.164    3.999    0.25   1.547    12   3.2
  -3   1   70.050  -63.942    0.050    0.26   1.242     9   2.2
  -3   2   70.406  -64.201    0.100    0.27   1.225     9   2.2
  -3   3   70.766  -64.503    0.150    0.28   1.207     9   2.2
  -3   4   71.132  -64.848    0.200    0.29   1.191     9   2.2
  -3   5   71.503  -65.234    0.250    0.30   1.174     9   2.2
  -3   6   71.880  -65.660    0.300    0.31   1.157     9   2.2
  -3   7   72.264  -66.126    0.350    0.32   1.141     9   2.2
  -3   8   72.654  -66.632    0.400    0.33   1.125     9   2.2
  -3   9   73.054  -67.181    0.450    0.34   1.109     8   2.2
  -3  10   73.463  -67.772    0.500    0.35   1.094     8   2.2
  -3  11   73.873  -68.396    0.550    0.36   1.079     8   2.2
  -3  12   74.289  -69.062    0.600    0.37   1.064     8   2.2
  -3  13   74.728  -69.783    0.650    0.38   1.049     9   2.2
  -3  14   75.176  -70.548    0.700    0.39   1.034     9   2.2
  -3  15   75.634  -71.356    0.750    0.40   1.020     9   2.2
  -3  16   76.101  -72.204    0.800    0.41   1.006     9   2.2
  -3  17   76.580  -73.090    0.850    0.42   0.993     9   2.2
  -3  18   77.069  -74.010    0.900    0.43   0.979     9   2.2
  -3  19   77.569  -74.958    0.950    0.44   0.966     9   2.2
  -3  20   78.058  -76.533    1.000    0.45   0.955     8   2.2
  -3  21   78.595  -77.452    1.050    0.45   0.949     8   2.2
  -3  22   79.145  -78.361    1.100    0.46   0.943     8   2.2
  -3  23   79.707  -79.250    1.150    0.46   0.937     8   2.2
  -3  24   80.282  -80.113    1.200    0.46   0.932     8   2.2
  -3  25   80.870  -80.947    1.250    0.46   0.926     8   2.2
  -3  26   81.472  -81.746    1.300    0.47   0.921     8   2.2
  -3  27   82.088  -82.508    1.350    0.47   0.917     8   2.2
  -3  28   82.720  -83.237    1.400    0.47   0.912     8   2.2
  -3  29   83.368  -83.933    1.450    0.47   0.908     8   2.2
  -3  30   84.036  -84.599    1.500    0.48   0.904     8   2.2
  -3  31   84.727  -85.235    1.550    0.48   0.901     8   2.2
  -3  32   85.450  -85.838    1.600    0.48   0.898     8   2.2
  -3  33   86.215  -86.407    1.650    0.48   0.895     8   2.2
  -3  34   87.074  -86.948    1.700    0.49   0.892     8   2.2
  -3   1   75.292  -69.444    0.100    0.27   1.365    11   3.2
  -3   2   75.574  -69.674    0.150    0.28   1.350    11   3.2
  -3   3   75.859  -69.948    0.200    0.29   1.335    11   3.2
  -3   4   76.148  -70.265    0.250    0.30   1.320    11   3.2
  -3   5   76.441  -70.624    0.300    0.31   1.306    11   3.2
  -3   6   76.738  -71.024    0.350    0.32   1.292    11   3.2
  -3   7   77.054  -71.446    0.400    0.33   1.278    12   3.2
  -3   8   77.376  -71.904    0.450    0.34   1.264    12   3.2
  -3   9   77.701  -72.401    0.500    0.35   1.250    12   3.2
  -3  10   78.031  -72.938    0.550    0.36   1.237    12   3.2
  -3  11   78.365  -73.515    0.600    0.37   1.224    12   3.2
  -3  12   78.704  -74.135    0.650    0.38   1.211    12   3.2
  -3  13   79.051  -74.801    0.700    0.39   1.198    11   3.2
  -3  14   79.397  -75.505    0.750    0.40   1.186    11   3.2
  -3  15   79.765  -76.264    0.800    0.41   1.174    12   3.2
  -3  16   80.140  -77.063    0.850    0.42   1.162    12   3.2
  -3  17   80.523  -77.896    0.900    0.43   1.150    12   3.2
  -3  18   80.912  -78.758    0.950    0.44   1.139    12   3.2
  -3  19   81.296  -80.233    1.000    0.45   1.129    11   3.2
  -3  20   81.715  -81.004    1.050    0.45   1.124    11   3.2
  -3  21   82.142  -81.766    1.100    0.46   1.120    11   3.2
  -3  22   82.577  -82.505    1.150    0.46   1.116    11   3.2
  -3  23   83.021  -83.217    1.200    0.46   1.112    11   3.2
  -3  24   83.474  -83.897    1.250    0.46   1.108    11   3.2
  -3  25   83.937  -84.542    1.300    0.47   1.104    11   3.2
  -3  26   84.413  -85.151    1.350    0.47   1.101    11   3.2
   3   1   91.669   87.938    1.800    0.49   0.888     8   2.2
   3   2   91.289   88.408    1.850    0.49   0.886     8   2.2
   3   3   91.022   88.897    1.899    0.49   0.885     8   2.2
   3   4   90.851   89.442    1.950    0.50   0.884     7   2.2
   3   5   90.791   89.747    1.973    0.50   0.883     7   2.2
   3   6   90.790  -86.582    2.130    0.49   0.887     8   2.2
   3   7   90.788  -86.581    2.130    0.49   0.887     8   2.2
   3   8   90.490  -86.358    2.150    0.49   0.888     7   2.2
   3   9   89.824  -85.851    2.200    0.49   0.891     7   2.2
   3  10   89.162  -85.313    2.250    0.49   0.894     7   2.2
   3  11   88.506  -84.743    2.300    0.49   0.897     7   2.2
   3  12   87.856  -84.141    2.350    0.48   0.901     7   2.2
   3  13   87.213  -83.506    2.400    0.48   0.905     7   2.2
   3  14   86.576  -82.844    2.450    0.48   0.909     7   2.2
   3  15   85.948  -82.157    2.500    0.48   0.914     7   2.2
   3  16   85.327  -81.449    2.550    0.47   0.918     7   2.2
   3  17   84.714  -80.722    2.600    0.47   0.924     7   2.2
   3  18   84.110  -79.978    2.650    0.47   0.929     7   2.2
   3  19   83.515  -79.219    2.700    0.47   0.935     7   2.2
   3  20   82.928  -78.448    2.750    0.46   0.941     7   2.2
   3  21   82.351  -77.667    2.800    0.46   0.947     7   2.2
   3  22   81.784  -76.877    2.850    0.46   0.954     7   2.2
   3  23   81.226  -76.080    2.900    0.46   0.961     7   2.2
   3  24   80.678  -75.278    2.950    0.45   0.968     7   2.2
   3  25   80.140  -74.473    3.000    0.45   0.976     7   2.2
   3  26   79.627  -73.481    3.050    0.44   0.987     8   2.2
   3  27   79.143  -72.802    3.100    0.43   0.999     8   2.2
   3  28   78.660  -72.220    3.150    0.42   1.012     8   2.2
   3  29   78.178  -71.636    3.200    0.41   1.024     8   2.2
   3  30   77.700  -71.053    3.250    0.40   1.037     8   2.2
   3  31   77.226  -70.473    3.300    0.39   1.050     8   2.2
   3  32   76.757  -69.899    3.350    0.38   1.063     8   2.2
   3  33   76.294  -69.332    3.400    0.37   1.076     8   2.2
   3  34   75.839  -68.776    3.450    0.36   1.089     8   2.2
   3  35   75.417  -68.257    3.500    0.35   1.103     7   2.2
   3  36   75.006  -67.752    3.550    0.34   1.117     7   2.2
   3  37   74.601  -67.257    3.600    0.33   1.130     7   2.2
   3  38   74.202  -66.774    3.650    0.32   1.144     8   2.2
   3  39   73.809  -66.304    3.700    0.31   1.158     8   2.2
   3  40   73.425  -65.847    3.750    0.30   1.173     8   2.2
   3  41   73.046  -65.405    3.800    0.29   1.187     8   2.2
   3  42   72.676  -64.979    3.850    0.28   1.202     8   2.2
   3  43   72.312  -64.568    3.900    0.27   1.216     8   2.2
   3  44   71.955  -64.174    3.950    0.26   1.231     8   2.2
   3  45   71.605  -63.796    4.000    0.25   1.246     9   2.2
   3  46   71.255  -62.756    4.050    0.24   1.260     9   2.2
   3  47   70.925  -61.788    4.100    0.24   1.274     9   2.2
   3  48   70.612  -60.876    4.150    0.23   1.289     9   2.2
   3  49   70.313  -60.013    4.200    0.22   1.305     9   2.2
   3  50   70.028  -59.192    4.250    0.21   1.320     9   2.2
   3  51   69.722  -58.959    4.300    0.21   1.336     9   2.2
   3  52   69.421  -58.802    4.350    0.20   1.351     9   2.2
   3  53   69.145  -58.671    4.400    0.19   1.367     9   2.2
   3  54   68.869  -58.531    4.450    0.18   1.382     9   2.2
   3  55   68.580  -58.365    4.500    0.18   1.398     9   2.2
   3  56   68.313  -58.206    4.550    0.17   1.414     9   2.2
   3  57   68.054  -58.037    4.600    0.16   1.430     9   2.2
   3  58   67.800  -57.853    4.650    0.15   1.447     9   2.2
   3  59   67.571  -57.671    4.700    0.14   1.463     9   2.2
   3  60   67.332  -57.455    4.750    0.14   1.480     9   2.2
   3  61   67.099  -57.220    4.800    0.13   1.496     9   2.2
   3  62   66.849  -56.944    4.850    0.12   1.513     9   2.2
   3  63   66.628  -56.668    4.900    0.12   1.530     9   2.2
   3  64   66.413  -56.369    4.950    0.11   1.547     9   2.2
   3  65   66.209  -56.052    5.000    0.10   1.564    11   2.2
